<?xml version="1.0" encoding="UTF-8"?>
<!-- Generated by org.testng.reporters.JUnitReportReporter -->
<testsuite hostname="DESKTOP-H0PI4DT" failures="0" tests="1" name="actionExample.DragDropApplication" time="0.808" errors="0" timestamp="2022-06-20T17:29:58 IST" skipped="0">
  <testcase classname="actionExample.DragDropApplication" name="dragDropTest" time="0.808"/>
  <system-out/>
</testsuite> <!-- actionExample.DragDropApplication -->
