<?xml version="1.0" encoding="UTF-8"?>
<!-- Generated by org.testng.reporters.JUnitReportReporter -->
<testsuite hostname="DESKTOP-H0PI4DT" failures="0" tests="1" name="tests.HRMLoginTest" time="0.130" errors="0" timestamp="2022-06-21T15:31:22 IST" skipped="0">
  <testcase classname="tests.HRMLoginTest" name="login" time="0.130"/>
  <system-out/>
</testsuite> <!-- tests.HRMLoginTest -->
