<?xml version="1.0" encoding="UTF-8"?>
<!-- Generated by org.testng.reporters.JUnitReportReporter -->
<testsuite hostname="DESKTOP-H0PI4DT" failures="0" tests="3" name="dataDrivenTesting.DragDropApplication" time="29.887" errors="0" timestamp="2022-06-20T17:56:17 IST" skipped="0">
  <testcase classname="dataDrivenTesting.DragDropApplication" name="DataDrivenTest" time="10.301"/>
  <system-out/>
  <testcase classname="dataDrivenTesting.DragDropApplication" name="DataDrivenTest" time="9.806"/>
  <system-out/>
  <testcase classname="dataDrivenTesting.DragDropApplication" name="DataDrivenTest" time="9.780"/>
  <system-out/>
</testsuite> <!-- dataDrivenTesting.DragDropApplication -->
