<?xml version="1.0" encoding="UTF-8"?>
<!-- Generated by org.testng.reporters.JUnitReportReporter -->
<testsuite hostname="DESKTOP-H0PI4DT" failures="0" tests="2" name="log4j.HRMLoginExample" time="20.692" errors="0" timestamp="2022-06-21T14:59:23 IST" skipped="0">
  <testcase classname="log4j.HRMLoginExample" name="verifyLoginFeature" time="15.290"/>
  <system-out/>
  <testcase classname="log4j.HRMLoginExample" name="verifyLogout" time="5.402"/>
  <system-out/>
</testsuite> <!-- log4j.HRMLoginExample -->
