<?xml version="1.0" encoding="UTF-8"?>
<!-- Generated by org.testng.reporters.JUnitReportReporter -->
<testsuite hostname="DESKTOP-H0PI4DT" failures="0" tests="2" name="tests.LoginTest" time="5.007" errors="0" timestamp="2022-06-21T16:00:44 IST" skipped="0">
  <testcase classname="tests.LoginTest" name="verifydashBoard" time="0.003"/>
  <system-out/>
  <testcase classname="tests.LoginTest" name="login" time="5.004"/>
  <system-out/>
</testsuite> <!-- tests.LoginTest -->
