<?xml version="1.0" encoding="UTF-8"?>
<!-- Generated by org.testng.reporters.JUnitReportReporter -->
<testsuite hostname="DESKTOP-H0PI4DT" failures="0" tests="1" name="openCSV.ReadDataUsingOpenCSV" time="35.806" errors="0" timestamp="2022-06-23T14:59:57 IST" skipped="0">
  <testcase classname="openCSV.ReadDataUsingOpenCSV" name="dataRead_CSV" time="35.806"/>
  <system-out/>
</testsuite> <!-- openCSV.ReadDataUsingOpenCSV -->
