<?xml version="1.0" encoding="UTF-8"?>
<!-- Generated by org.testng.reporters.JUnitReportReporter -->
<testsuite hostname="DESKTOP-H0PI4DT" failures="0" tests="1" name="actionExample.DragDropApplication2" time="1.161" errors="0" timestamp="2022-06-20T17:29:58 IST" skipped="0">
  <testcase classname="actionExample.DragDropApplication2" name="dragDropTest" time="1.161"/>
  <system-out/>
</testsuite> <!-- actionExample.DragDropApplication2 -->
