<?xml version="1.0" encoding="UTF-8"?>
<!-- Generated by org.testng.reporters.JUnitReportReporter -->
<testsuite hostname="DESKTOP-H0PI4DT" failures="0" tests="1" name="actionExample.DragDropApplication2" time="1.006" errors="0" timestamp="2022-06-21T14:30:04 IST" skipped="0">
  <testcase classname="actionExample.DragDropApplication2" name="dragDropTest" time="1.006"/>
  <system-out/>
</testsuite> <!-- actionExample.DragDropApplication2 -->
