<?xml version="1.0" encoding="UTF-8"?>
<!-- Generated by org.testng.reporters.JUnitReportReporter -->
<testsuite hostname="DESKTOP-H0PI4DT" failures="0" tests="2" name="tests.HRMLoginTest" time="4.880" errors="0" timestamp="2022-06-21T15:45:48 IST" skipped="0">
  <testcase classname="tests.HRMLoginTest" name="login" time="4.880"/>
  <system-out/>
  <testcase classname="tests.HRMLoginTest" name="verifydashBoard" time="0.000"/>
  <system-out/>
</testsuite> <!-- tests.HRMLoginTest -->
