<?xml version="1.0" encoding="UTF-8"?>
<!-- Generated by org.testng.reporters.JUnitReportReporter -->
<testsuite hostname="DESKTOP-H0PI4DT" failures="0" tests="1" name="actionExample.DragDropApplication" time="0.654" errors="0" timestamp="2022-06-21T14:30:04 IST" skipped="0">
  <testcase classname="actionExample.DragDropApplication" name="dragDropTest" time="0.654"/>
  <system-out/>
</testsuite> <!-- actionExample.DragDropApplication -->
